transmision/build/outputs/logs/manifest-merger-debug-report.txt
-- Merging decision tree log ---
manifest
ADDED from src/main/AndroidManifest.xml:2:1-131:12
	package
		ADDED from src/main/AndroidManifest.xml:3:5-34
		INJECTED from src/main/AndroidManifest.xml
		INJECTED from src/main/AndroidManifest.xml
	android:versionName
		ADDED from src/main/AndroidManifest.xml:5:5-34
		INJECTED from src/main/AndroidManifest.xml
		INJECTED from src/main/AndroidManifest.xml
	android:versionCode
		ADDED from src/main/AndroidManifest.xml:4:5-28
		INJECTED from src/main/AndroidManifest.xml
		INJECTED from src/main/AndroidManifest.xml
	xmlns:android
		ADDED from src/main/AndroidManifest.xml:2:11-69
uses-sdk
ADDED from src/main/AndroidManifest.xml:7:5-9:41
MERGED from [transmision:SlidingLibrary:unspecified] AndroidManifest.xml:7:5-43
MERGED from [transmision:viewPagerIndicator:unspecified] AndroidManifest.xml:7:5-9:40
MERGED from [transmision:zxing:unspecified] AndroidManifest.xml:23:5-25:41
MERGED from [transmision:wheel:unspecified] AndroidManifest.xml:7:5-9:40
	android:targetSdkVersion
		ADDED from src/main/AndroidManifest.xml:9:9-38
		INJECTED from src/main/AndroidManifest.xml
		INJECTED from src/main/AndroidManifest.xml
	android:minSdkVersion
		ADDED from src/main/AndroidManifest.xml:8:9-35
		INJECTED from src/main/AndroidManifest.xml
		INJECTED from src/main/AndroidManifest.xml
uses-permission#com.google.android.providers.gsf.permission.READ_GSERVICES
ADDED from src/main/AndroidManifest.xml:11:5-98
	android:name
		ADDED from src/main/AndroidManifest.xml:11:22-95
uses-permission#android.permission.ACCESS_FINE_LOCATION
ADDED from src/main/AndroidManifest.xml:12:5-79
	android:name
		ADDED from src/main/AndroidManifest.xml:12:22-76
uses-permission#android.permission.ACCESS_COARSE_LOCATION
ADDED from src/main/AndroidManifest.xml:13:5-81
	android:name
		ADDED from src/main/AndroidManifest.xml:13:22-78
uses-permission#android.permission.READ_PHONE_STATE
ADDED from src/main/AndroidManifest.xml:14:5-75
	android:name
		ADDED from src/main/AndroidManifest.xml:14:22-72
uses-permission#android.permission.MODIFY_AUDIO_SETTINGS
ADDED from src/main/AndroidManifest.xml:15:5-80
	android:name
		ADDED from src/main/AndroidManifest.xml:15:22-77
uses-permission#android.permission.DISABLE_KEYGUARD
ADDED from src/main/AndroidManifest.xml:16:5-75
	android:name
		ADDED from src/main/AndroidManifest.xml:16:22-72
uses-permission#android.permission.RECEIVE_BOOT_COMPLETED
ADDED from src/main/AndroidManifest.xml:17:5-81
	android:name
		ADDED from src/main/AndroidManifest.xml:17:22-78
uses-permission#android.permission.ACCESS_NETWORK_STATE
ADDED from src/main/AndroidManifest.xml:18:5-79
	android:name
		ADDED from src/main/AndroidManifest.xml:18:22-76
uses-permission#android.permission.CHANGE_NETWORK_STATE
ADDED from src/main/AndroidManifest.xml:19:5-79
	android:name
		ADDED from src/main/AndroidManifest.xml:19:22-76
uses-permission#android.permission.BATTERY_STATS
ADDED from src/main/AndroidManifest.xml:20:5-72
	android:name
		ADDED from src/main/AndroidManifest.xml:20:22-69
uses-permission#android.permission.WRITE_EXTERNAL_STORAGE
ADDED from src/main/AndroidManifest.xml:22:5-81
MERGED from [transmision:zxing:unspecified] AndroidManifest.xml:34:5-81
	android:name
		ADDED from src/main/AndroidManifest.xml:22:22-78
uses-permission#android.permission.WRITE_SETTINGS
ADDED from src/main/AndroidManifest.xml:24:5-73
	android:name
		ADDED from src/main/AndroidManifest.xml:24:22-70
uses-permission#android.permission.WRITE_OWNER_DATA
ADDED from src/main/AndroidManifest.xml:25:5-75
	android:name
		ADDED from src/main/AndroidManifest.xml:25:22-72
uses-permission#android.permission.INTERNET
ADDED from src/main/AndroidManifest.xml:27:5-67
MERGED from [transmision:zxing:unspecified] AndroidManifest.xml:28:5-67
	android:name
		ADDED from src/main/AndroidManifest.xml:27:22-64
uses-permission#android.permission.VIBRATE
ADDED from src/main/AndroidManifest.xml:28:5-66
MERGED from [transmision:zxing:unspecified] AndroidManifest.xml:29:5-66
	android:name
		ADDED from src/main/AndroidManifest.xml:28:22-63
uses-permission#android.permission.RESTART_PACKAGES
ADDED from src/main/AndroidManifest.xml:29:5-75
	android:name
		ADDED from src/main/AndroidManifest.xml:29:22-72
uses-permission#android.permission.KILL_BACKGROUND_PROCESSES
ADDED from src/main/AndroidManifest.xml:30:5-84
	android:name
		ADDED from src/main/AndroidManifest.xml:30:22-81
uses-permission#android.permission.ACCESS_WIFI_STATE
ADDED from src/main/AndroidManifest.xml:31:5-76
MERGED from [transmision:zxing:unspecified] AndroidManifest.xml:36:5-76
	android:name
		ADDED from src/main/AndroidManifest.xml:31:22-73
uses-permission#android.permission.CHANGE_WIFI_STATE
ADDED from src/main/AndroidManifest.xml:32:5-76
MERGED from [transmision:zxing:unspecified] AndroidManifest.xml:35:5-76
	android:name
		ADDED from src/main/AndroidManifest.xml:32:22-73
uses-permission#android.permission.BLUETOOTH
ADDED from src/main/AndroidManifest.xml:33:5-68
	android:name
		ADDED from src/main/AndroidManifest.xml:33:22-65
uses-permission#android.permission.BLUETOOTH_ADMIN
ADDED from src/main/AndroidManifest.xml:34:5-74
	android:name
		ADDED from src/main/AndroidManifest.xml:34:22-71
uses-permission#android.permission.WAKE_LOCK
ADDED from src/main/AndroidManifest.xml:35:5-68
	android:name
		ADDED from src/main/AndroidManifest.xml:35:22-65
uses-permission#android.permission.CALL_PHONE
ADDED from src/main/AndroidManifest.xml:36:5-69
	android:name
		ADDED from src/main/AndroidManifest.xml:36:22-66
uses-permission#android.permission.GET_TASKS
ADDED from src/main/AndroidManifest.xml:37:5-68
	android:name
		ADDED from src/main/AndroidManifest.xml:37:22-65
uses-permission#android.permission.READ_LOGS
ADDED from src/main/AndroidManifest.xml:38:5-68
	android:name
		ADDED from src/main/AndroidManifest.xml:38:22-65
uses-permission#android.permission.CAMERA
ADDED from src/main/AndroidManifest.xml:40:5-65
MERGED from [transmision:zxing:unspecified] AndroidManifest.xml:27:5-65
	android:name
		ADDED from src/main/AndroidManifest.xml:40:22-62
uses-feature#android.hardware.camera
ADDED from src/main/AndroidManifest.xml:41:5-60
	android:name
		ADDED from src/main/AndroidManifest.xml:41:19-57
uses-feature#android.hardware.camera.autofocus
ADDED from src/main/AndroidManifest.xml:42:5-70
MERGED from [transmision:zxing:unspecified] AndroidManifest.xml:39:5-41:36
	android:name
		ADDED from src/main/AndroidManifest.xml:42:19-67
application
ADDED from src/main/AndroidManifest.xml:44:5-127:19
MERGED from [transmision:SlidingLibrary:unspecified] AndroidManifest.xml:9:5-20
MERGED from [transmision:zxing:unspecified] AndroidManifest.xml:50:5-191:19
MERGED from [transmision:wheel:unspecified] AndroidManifest.xml:11:5-12:19
	android:label
		ADDED from src/main/AndroidManifest.xml:47:9-41
	android:icon
		ADDED from src/main/AndroidManifest.xml:46:9-42
	android:largeHeap
		ADDED from src/main/AndroidManifest.xml:48:9-33
	android:allowBackup
		ADDED from [transmision:zxing:unspecified] AndroidManifest.xml:50:18-44
	android:theme
		ADDED from src/main/AndroidManifest.xml:49:9-40
	android:name
		ADDED from src/main/AndroidManifest.xml:45:9-53
activity#com.indra.elections.peruvian.MainPeruvianActivity
ADDED from src/main/AndroidManifest.xml:51:12-61:16
	android:screenOrientation
		ADDED from src/main/AndroidManifest.xml:54:12-48
	android:label
		ADDED from src/main/AndroidManifest.xml:53:16-48
	android:name
		ADDED from src/main/AndroidManifest.xml:52:16-80
intent-filter#android.intent.action.MAIN+android.intent.category.DEFAULT+android.intent.category.LAUNCHER
ADDED from src/main/AndroidManifest.xml:55:12-60:25
action#android.intent.action.MAIN
ADDED from src/main/AndroidManifest.xml:56:16-68
	android:name
		ADDED from src/main/AndroidManifest.xml:56:24-65
category#android.intent.category.LAUNCHER
ADDED from src/main/AndroidManifest.xml:58:13-73
	android:name
		ADDED from src/main/AndroidManifest.xml:58:23-70
category#android.intent.category.DEFAULT
ADDED from src/main/AndroidManifest.xml:59:13-72
	android:name
		ADDED from src/main/AndroidManifest.xml:59:23-69
activity#com.indra.elections.NavigationActivity
ADDED from src/main/AndroidManifest.xml:75:9-81:20
	android:screenOrientation
		ADDED from src/main/AndroidManifest.xml:79:13-49
	android:label
		ADDED from src/main/AndroidManifest.xml:77:13-45
	android:launchMode
		ADDED from src/main/AndroidManifest.xml:78:13-44
	android:windowSoftInputMode
		ADDED from src/main/AndroidManifest.xml:80:13-56
	android:name
		ADDED from src/main/AndroidManifest.xml:76:13-66
provider#com.indra.elections.model.DeltaContentProvider
ADDED from src/main/AndroidManifest.xml:83:9-87:20
	android:authorities
		ADDED from src/main/AndroidManifest.xml:85:13-75
	android:multiprocess
		ADDED from src/main/AndroidManifest.xml:86:13-40
	android:name
		ADDED from src/main/AndroidManifest.xml:84:13-74
receiver#com.indra.elections.CallBroadcastReceiver
ADDED from src/main/AndroidManifest.xml:98:9-102:20
	android:name
		ADDED from src/main/AndroidManifest.xml:98:19-75
intent-filter#android.intent.action.PHONE_STATE
ADDED from src/main/AndroidManifest.xml:99:13-101:29
action#android.intent.action.PHONE_STATE
ADDED from src/main/AndroidManifest.xml:100:17-76
	android:name
		ADDED from src/main/AndroidManifest.xml:100:25-73
receiver#com.indra.elections.ModeBroadcastReceiver
ADDED from src/main/AndroidManifest.xml:103:9-107:20
	android:name
		ADDED from src/main/AndroidManifest.xml:103:19-75
intent-filter#com.indra.elections.CHANGE_MODE
ADDED from src/main/AndroidManifest.xml:104:13-106:29
action#com.indra.elections.CHANGE_MODE
ADDED from src/main/AndroidManifest.xml:105:17-74
	android:name
		ADDED from src/main/AndroidManifest.xml:105:25-71
receiver#com.indra.elections.broadcastreceivers.AlarmReceiver
ADDED from src/main/AndroidManifest.xml:116:9-117:20
	android:name
		ADDED from src/main/AndroidManifest.xml:116:19-86
receiver#com.indra.elections.broadcastreceivers.AlarmReceiverResend
ADDED from src/main/AndroidManifest.xml:118:9-119:20
	android:name
		ADDED from src/main/AndroidManifest.xml:118:19-92
receiver#com.indra.elections.broadcastreceivers.AlarmReceiverExamen
ADDED from src/main/AndroidManifest.xml:120:9-121:20
	android:name
		ADDED from src/main/AndroidManifest.xml:120:19-92
receiver#com.indra.elections.broadcastreceivers.AlarmReceiverFinExamen
ADDED from src/main/AndroidManifest.xml:122:9-123:20
	android:name
		ADDED from src/main/AndroidManifest.xml:122:19-95
receiver#com.indra.elections.broadcastreceivers.AlarmReceiverSituacion
ADDED from src/main/AndroidManifest.xml:124:9-125:20
	android:name
		ADDED from src/main/AndroidManifest.xml:124:19-95
uses-permission#android.permission.FLASHLIGHT
ADDED from [transmision:zxing:unspecified] AndroidManifest.xml:30:5-69
	android:name
		ADDED from [transmision:zxing:unspecified] AndroidManifest.xml:30:22-66
uses-permission#android.permission.READ_CONTACTS
ADDED from [transmision:zxing:unspecified] AndroidManifest.xml:31:5-72
	android:name
		ADDED from [transmision:zxing:unspecified] AndroidManifest.xml:31:22-69
uses-permission#com.android.browser.permission.READ_HISTORY_BOOKMARKS
ADDED from [transmision:zxing:unspecified] AndroidManifest.xml:33:5-93
	android:name
		ADDED from [transmision:zxing:unspecified] AndroidManifest.xml:33:22-90
uses-feature#android.hardware.camera.any
ADDED from [transmision:zxing:unspecified] AndroidManifest.xml:38:5-64
	android:name
		ADDED from [transmision:zxing:unspecified] AndroidManifest.xml:38:19-61
uses-feature#android.hardware.camera.flash
ADDED from [transmision:zxing:unspecified] AndroidManifest.xml:42:5-44:36
	android:required
		ADDED from [transmision:zxing:unspecified] AndroidManifest.xml:44:9-33
	android:name
		ADDED from [transmision:zxing:unspecified] AndroidManifest.xml:43:9-53
uses-feature#android.hardware.screen.landscape
ADDED from [transmision:zxing:unspecified] AndroidManifest.xml:45:5-70
	android:name
		ADDED from [transmision:zxing:unspecified] AndroidManifest.xml:45:19-67
uses-feature#android.hardware.wifi
ADDED from [transmision:zxing:unspecified] AndroidManifest.xml:46:5-48:36
	android:required
		ADDED from [transmision:zxing:unspecified] AndroidManifest.xml:48:9-33
	android:name
		ADDED from [transmision:zxing:unspecified] AndroidManifest.xml:47:9-45
activity#com.google.zxing.client.android.CaptureActivity
ADDED from [transmision:zxing:unspecified] AndroidManifest.xml:58:9-123:20
	android:clearTaskOnLaunch
		ADDED from [transmision:zxing:unspecified] AndroidManifest.xml:60:13-45
	android:screenOrientation
		ADDED from [transmision:zxing:unspecified] AndroidManifest.xml:61:13-56
	android:stateNotNeeded
		ADDED from [transmision:zxing:unspecified] AndroidManifest.xml:62:13-42
	android:windowSoftInputMode
		ADDED from [transmision:zxing:unspecified] AndroidManifest.xml:64:13-60
	android:theme
		ADDED from [transmision:zxing:unspecified] AndroidManifest.xml:63:13-48
	android:name
		ADDED from [transmision:zxing:unspecified] AndroidManifest.xml:59:13-75
intent-filter#android.intent.action.MAIN+android.intent.category.LAUNCHER
ADDED from [transmision:zxing:unspecified] AndroidManifest.xml:65:13-69:29
intent-filter#android.intent.category.DEFAULT+com.google.zxing.client.android.SCAN
ADDED from [transmision:zxing:unspecified] AndroidManifest.xml:70:13-74:29
action#com.google.zxing.client.android.SCAN
ADDED from [transmision:zxing:unspecified] AndroidManifest.xml:71:17-79
	android:name
		ADDED from [transmision:zxing:unspecified] AndroidManifest.xml:71:25-76
intent-filter#android.intent.action.VIEW+android.intent.category.BROWSABLE+android.intent.category.DEFAULT
ADDED from [transmision:zxing:unspecified] AndroidManifest.xml:76:13-86:29
action#android.intent.action.VIEW
ADDED from [transmision:zxing:unspecified] AndroidManifest.xml:77:17-69
	android:name
		ADDED from [transmision:zxing:unspecified] AndroidManifest.xml:77:25-66
category#android.intent.category.BROWSABLE
ADDED from [transmision:zxing:unspecified] AndroidManifest.xml:80:17-78
	android:name
		ADDED from [transmision:zxing:unspecified] AndroidManifest.xml:80:27-75
data
ADDED from [transmision:zxing:unspecified] AndroidManifest.xml:82:17-85:45
	android:path
		ADDED from [transmision:zxing:unspecified] AndroidManifest.xml:84:21-41
	android:host
		ADDED from [transmision:zxing:unspecified] AndroidManifest.xml:83:21-53
	android:scheme
		ADDED from [transmision:zxing:unspecified] AndroidManifest.xml:85:21-42
activity#com.google.zxing.client.android.PreferencesActivity
ADDED from [transmision:zxing:unspecified] AndroidManifest.xml:124:9-127:45
	android:label
		ADDED from [transmision:zxing:unspecified] AndroidManifest.xml:126:13-53
	android:stateNotNeeded
		ADDED from [transmision:zxing:unspecified] AndroidManifest.xml:127:13-42
	android:name
		ADDED from [transmision:zxing:unspecified] AndroidManifest.xml:125:13-79
activity#com.google.zxing.client.android.encode.EncodeActivity
ADDED from [transmision:zxing:unspecified] AndroidManifest.xml:128:9-152:20
	android:stateNotNeeded
		ADDED from [transmision:zxing:unspecified] AndroidManifest.xml:130:13-42
	android:name
		ADDED from [transmision:zxing:unspecified] AndroidManifest.xml:129:13-81
intent-filter#android.intent.category.DEFAULT+com.google.zxing.client.android.ENCODE
ADDED from [transmision:zxing:unspecified] AndroidManifest.xml:131:13-135:29
action#com.google.zxing.client.android.ENCODE
ADDED from [transmision:zxing:unspecified] AndroidManifest.xml:132:17-81
	android:name
		ADDED from [transmision:zxing:unspecified] AndroidManifest.xml:132:25-78
intent-filter#android.intent.action.SEND+android.intent.category.DEFAULT
ADDED from [transmision:zxing:unspecified] AndroidManifest.xml:137:13-143:29
action#android.intent.action.SEND
ADDED from [transmision:zxing:unspecified] AndroidManifest.xml:138:17-69
	android:name
		ADDED from [transmision:zxing:unspecified] AndroidManifest.xml:138:25-66
activity#com.google.zxing.client.android.book.SearchBookContentsActivity
ADDED from [transmision:zxing:unspecified] AndroidManifest.xml:153:9-163:20
	android:screenOrientation
		ADDED from [transmision:zxing:unspecified] AndroidManifest.xml:156:13-56
	android:label
		ADDED from [transmision:zxing:unspecified] AndroidManifest.xml:155:13-45
	android:stateNotNeeded
		ADDED from [transmision:zxing:unspecified] AndroidManifest.xml:157:13-42
	android:name
		ADDED from [transmision:zxing:unspecified] AndroidManifest.xml:154:13-91
intent-filter#android.intent.category.DEFAULT+com.google.zxing.client.android.SEARCH_BOOK_CONTENTS
ADDED from [transmision:zxing:unspecified] AndroidManifest.xml:158:13-162:29
action#com.google.zxing.client.android.SEARCH_BOOK_CONTENTS
ADDED from [transmision:zxing:unspecified] AndroidManifest.xml:159:17-95
	android:name
		ADDED from [transmision:zxing:unspecified] AndroidManifest.xml:159:25-92
activity#com.google.zxing.client.android.share.ShareActivity
ADDED from [transmision:zxing:unspecified] AndroidManifest.xml:164:9-173:20
	android:screenOrientation
		ADDED from [transmision:zxing:unspecified] AndroidManifest.xml:166:13-45
	android:stateNotNeeded
		ADDED from [transmision:zxing:unspecified] AndroidManifest.xml:167:13-42
	android:name
		ADDED from [transmision:zxing:unspecified] AndroidManifest.xml:165:13-79
intent-filter#android.intent.category.DEFAULT+com.google.zxing.client.android.SHARE
ADDED from [transmision:zxing:unspecified] AndroidManifest.xml:168:13-172:29
action#com.google.zxing.client.android.SHARE
ADDED from [transmision:zxing:unspecified] AndroidManifest.xml:169:17-80
	android:name
		ADDED from [transmision:zxing:unspecified] AndroidManifest.xml:169:25-77
activity#com.google.zxing.client.android.history.HistoryActivity
ADDED from [transmision:zxing:unspecified] AndroidManifest.xml:174:9-177:45
	android:label
		ADDED from [transmision:zxing:unspecified] AndroidManifest.xml:176:13-50
	android:stateNotNeeded
		ADDED from [transmision:zxing:unspecified] AndroidManifest.xml:177:13-42
	android:name
		ADDED from [transmision:zxing:unspecified] AndroidManifest.xml:175:13-83
activity#com.google.zxing.client.android.share.BookmarkPickerActivity
ADDED from [transmision:zxing:unspecified] AndroidManifest.xml:178:9-181:45
	android:label
		ADDED from [transmision:zxing:unspecified] AndroidManifest.xml:180:13-57
	android:stateNotNeeded
		ADDED from [transmision:zxing:unspecified] AndroidManifest.xml:181:13-42
	android:name
		ADDED from [transmision:zxing:unspecified] AndroidManifest.xml:179:13-88
activity#com.google.zxing.client.android.share.AppPickerActivity
ADDED from [transmision:zxing:unspecified] AndroidManifest.xml:182:9-185:45
	android:label
		ADDED from [transmision:zxing:unspecified] AndroidManifest.xml:184:13-52
	android:stateNotNeeded
		ADDED from [transmision:zxing:unspecified] AndroidManifest.xml:185:13-42
	android:name
		ADDED from [transmision:zxing:unspecified] AndroidManifest.xml:183:13-83
activity#com.google.zxing.client.android.HelpActivity
ADDED from [transmision:zxing:unspecified] AndroidManifest.xml:186:9-190:45
	android:screenOrientation
		ADDED from [transmision:zxing:unspecified] AndroidManifest.xml:189:13-45
	android:label
		ADDED from [transmision:zxing:unspecified] AndroidManifest.xml:188:13-46
	android:stateNotNeeded
		ADDED from [transmision:zxing:unspecified] AndroidManifest.xml:190:13-42
	android:name
		ADDED from [transmision:zxing:unspecified] AndroidManifest.xml:187:13-72